<?xml version="1.0" encoding="UTF-8"?>
<!-- Generated by org.testng.reporters.JUnitReportReporter -->
<testsuite name="Scenarios.fastTip" tests="1" time="24.151" ignored="0" failures="0" timestamp="24 Mai 2019 06:06:02 GMT" skipped="0" hostname="SCMVNB0020" errors="0">
  <testcase name="testCheckHomeIcons" time="24.151" classname="Scenarios.fastTip"/>
</testsuite> <!-- Scenarios.fastTip -->
